started-service
Received one request for search
Received one request for search
range is  20km
Received one post request
Received one post request
Image is saved to GCS: https://storage.googleapis.com/download/storage/v1/b/around-bucket-2/o/cb230914-fe0e-4726-b13b-b0dde508ef09?generation=1586891371353539&alt=media
Received one request for search
Received one request for search
range is  20km
Received one request for search
Received one request for search
range is  20km
Received one request for search
Received one request for search
range is  20km
Received one request for search
Received one request for search
range is  20km
Received one request for search
Received one request for search
range is  20km
Received one request for search
Received one request for search
range is  20km
Received one request for search
Received one request for search
range is  20km
Received one request for search
Received one request for search
range is  20km
Received one request for search
Received one request for search
range is  20km
Received one request for search
Received one request for search
range is  20km
started-service
Received one request for search
Received one request for search
range is  20km
Received one request for search
Received one request for search
range is  20km
Received one request for search
Received one request for search
range is  20km
started-service
Received one request for search
Received one request for search
range is  20km
Received one request for search
Received one request for search
range is  20km
Received one request for search
Received one request for search
range is  20km
Received one request for search
Received one request for search
range is  20km
started-service
Received one request for search
Received one login request
Login as jack
Received one request for search
Received one request for search
range is  20km
signal: interrupt
